This is pdfTeX, Version 3.14159265-2.6-1.40.18 (TeX Live 2017/W32TeX) (preloaded format=pdflatex 2017.7.29)  15 DEC 2017 14:23
entering extended mode
 restricted \write18 enabled.
 %&-line parsing enabled.
**./report.tex
(./report.tex
LaTeX2e <2017-04-15>
Babel <3.12> and hyphenation patterns for 84 language(s) loaded.
(./ueacmpstyle.cls

LaTeX Warning: You have requested document class `ueacmpstyle',
               but the document class provides `cmpstyle'.

Document Class: cmpstyle 2008/05/02 v1.0 (NLCT) 2011/09/08 v1.1 (DJS) CMP Repor
t Style
(c:/texlive/2017/texmf-dist/tex/latex/base/article.cls
Document Class: article 2014/09/29 v1.4h Standard LaTeX document class
(c:/texlive/2017/texmf-dist/tex/latex/base/size11.clo
File: size11.clo 2014/09/29 v1.4h Standard LaTeX file (size option)
)
\c@part=\count79
\c@section=\count80
\c@subsection=\count81
\c@subsubsection=\count82
\c@paragraph=\count83
\c@subparagraph=\count84
\c@figure=\count85
\c@table=\count86
\abovecaptionskip=\skip41
\belowcaptionskip=\skip42
\bibindent=\dimen102
)
(c:/texlive/2017/texmf-dist/tex/latex/graphics/epsfig.sty
Package: epsfig 2017/06/25 v1.7b (e)psfig emulation (SPQR)

(c:/texlive/2017/texmf-dist/tex/latex/graphics/graphicx.sty
Package: graphicx 2017/06/01 v1.1a Enhanced LaTeX Graphics (DPC,SPQR)

(c:/texlive/2017/texmf-dist/tex/latex/graphics/keyval.sty
Package: keyval 2014/10/28 v1.15 key=value parser (DPC)
\KV@toks@=\toks14
)
(c:/texlive/2017/texmf-dist/tex/latex/graphics/graphics.sty
Package: graphics 2017/06/25 v1.2c Standard LaTeX Graphics (DPC,SPQR)

(c:/texlive/2017/texmf-dist/tex/latex/graphics/trig.sty
Package: trig 2016/01/03 v1.10 sin cos tan (DPC)
)
(c:/texlive/2017/texmf-dist/tex/latex/graphics-cfg/graphics.cfg
File: graphics.cfg 2016/06/04 v1.11 sample graphics configuration
)
Package graphics Info: Driver file: pdftex.def on input line 99.

(c:/texlive/2017/texmf-dist/tex/latex/graphics-def/pdftex.def
File: pdftex.def 2017/06/24 v1.0g Graphics/color driver for pdftex
))
\Gin@req@height=\dimen103
\Gin@req@width=\dimen104
)
\epsfxsize=\dimen105
\epsfysize=\dimen106
)
(c:/texlive/2017/texmf-dist/tex/latex/amsfonts/amssymb.sty
Package: amssymb 2013/01/14 v3.01 AMS font symbols

(c:/texlive/2017/texmf-dist/tex/latex/amsfonts/amsfonts.sty
Package: amsfonts 2013/01/14 v3.01 Basic AMSFonts support
\@emptytoks=\toks15
\symAMSa=\mathgroup4
\symAMSb=\mathgroup5
LaTeX Font Info:    Overwriting math alphabet `\mathfrak' in version `bold'
(Font)                  U/euf/m/n --> U/euf/b/n on input line 106.
))
(c:/texlive/2017/texmf-dist/tex/latex/amsmath/amsmath.sty
Package: amsmath 2016/11/05 v2.16a AMS math features
\@mathmargin=\skip43

For additional information on amsmath, use the `?' option.
(c:/texlive/2017/texmf-dist/tex/latex/amsmath/amstext.sty
Package: amstext 2000/06/29 v2.01 AMS text

(c:/texlive/2017/texmf-dist/tex/latex/amsmath/amsgen.sty
File: amsgen.sty 1999/11/30 v2.0 generic functions
\@emptytoks=\toks16
\ex@=\dimen107
))
(c:/texlive/2017/texmf-dist/tex/latex/amsmath/amsbsy.sty
Package: amsbsy 1999/11/29 v1.2d Bold Symbols
\pmbraise@=\dimen108
)
(c:/texlive/2017/texmf-dist/tex/latex/amsmath/amsopn.sty
Package: amsopn 2016/03/08 v2.02 operator names
)
\inf@bad=\count87
LaTeX Info: Redefining \frac on input line 213.
\uproot@=\count88
\leftroot@=\count89
LaTeX Info: Redefining \overline on input line 375.
\classnum@=\count90
\DOTSCASE@=\count91
LaTeX Info: Redefining \ldots on input line 472.
LaTeX Info: Redefining \dots on input line 475.
LaTeX Info: Redefining \cdots on input line 596.
\Mathstrutbox@=\box26
\strutbox@=\box27
\big@size=\dimen109
LaTeX Font Info:    Redeclaring font encoding OML on input line 712.
LaTeX Font Info:    Redeclaring font encoding OMS on input line 713.
\macc@depth=\count92
\c@MaxMatrixCols=\count93
\dotsspace@=\muskip10
\c@parentequation=\count94
\dspbrk@lvl=\count95
\tag@help=\toks17
\row@=\count96
\column@=\count97
\maxfields@=\count98
\andhelp@=\toks18
\eqnshift@=\dimen110
\alignsep@=\dimen111
\tagshift@=\dimen112
\tagwidth@=\dimen113
\totwidth@=\dimen114
\lineht@=\dimen115
\@envbody=\toks19
\multlinegap=\skip44
\multlinetaggap=\skip45
\mathdisplay@stack=\toks20
LaTeX Info: Redefining \[ on input line 2817.
LaTeX Info: Redefining \] on input line 2818.
)
(c:/texlive/2017/texmf-dist/tex/latex/natbib/natbib.sty
Package: natbib 2010/09/13 8.31b (PWD, AO)
\bibhang=\skip46
\bibsep=\skip47
LaTeX Info: Redefining \cite on input line 694.
\c@NAT@ctr=\count99
)
(c:/texlive/2017/texmf-dist/tex/latex/psnfss/helvet.sty
Package: helvet 2005/04/12 PSNFSS-v9.2a (WaS) 
)
(c:/texlive/2017/texmf-dist/tex/latex/psnfss/courier.sty
Package: courier 2005/04/12 PSNFSS-v9.2a (WaS) 
)
(c:/texlive/2017/texmf-dist/tex/latex/geometry/geometry.sty
Package: geometry 2010/09/12 v5.6 Page Geometry

(c:/texlive/2017/texmf-dist/tex/generic/oberdiek/ifpdf.sty
Package: ifpdf 2017/03/15 v3.2 Provides the ifpdf switch
)
(c:/texlive/2017/texmf-dist/tex/generic/oberdiek/ifvtex.sty
Package: ifvtex 2016/05/16 v1.6 Detect VTeX and its facilities (HO)
Package ifvtex Info: VTeX not detected.
)
(c:/texlive/2017/texmf-dist/tex/generic/ifxetex/ifxetex.sty
Package: ifxetex 2010/09/12 v0.6 Provides ifxetex conditional
)
\Gm@cnth=\count100
\Gm@cntv=\count101
\c@Gm@tempcnt=\count102
\Gm@bindingoffset=\dimen116
\Gm@wd@mp=\dimen117
\Gm@odd@mp=\dimen118
\Gm@even@mp=\dimen119
\Gm@layoutwidth=\dimen120
\Gm@layoutheight=\dimen121
\Gm@layouthoffset=\dimen122
\Gm@layoutvoffset=\dimen123
\Gm@dimlist=\toks21
))
(c:/texlive/2017/texmf-dist/tex/latex/fancyhdr/fancyhdr.sty
Package: fancyhdr 2017/06/30 v3.9a Extensive control of page headers and footer
s
\f@nch@headwidth=\skip48
\f@nch@O@elh=\skip49
\f@nch@O@erh=\skip50
\f@nch@O@olh=\skip51
\f@nch@O@orh=\skip52
\f@nch@O@elf=\skip53
\f@nch@O@erf=\skip54
\f@nch@O@olf=\skip55
\f@nch@O@orf=\skip56
)
(c:/texlive/2017/texmf-dist/tex/latex/csquotes/csquotes.sty
Package: csquotes 2017/03/11 v5.2b context-sensitive quotations (JAW)

(c:/texlive/2017/texmf-dist/tex/latex/etoolbox/etoolbox.sty
Package: etoolbox 2017/01/02 v2.4 e-TeX tools for LaTeX (JAW)
\etb@tempcnta=\count103
)
\csq@reset=\count104
\csq@gtype=\count105
\csq@glevel=\count106
\csq@qlevel=\count107
\csq@maxlvl=\count108
\csq@tshold=\count109
\csq@ltx@everypar=\toks22

(c:/texlive/2017/texmf-dist/tex/latex/csquotes/csquotes.def
File: csquotes.def 2017/03/11 v5.2b csquotes generic definitions (JAW)
)
Package csquotes Info: Trying to load configuration file 'csquotes.cfg'...
Package csquotes Info: ... configuration file loaded successfully.

(c:/texlive/2017/texmf-dist/tex/latex/csquotes/csquotes.cfg
File: csquotes.cfg 
))
Package csquotes Info: Checking for multilingual support...
Package csquotes Info: ... none found.
 (./report.aux)
\openout1 = `report.aux'.

LaTeX Font Info:    Checking defaults for OML/cmm/m/it on input line 17.
LaTeX Font Info:    ... okay on input line 17.
LaTeX Font Info:    Checking defaults for T1/cmr/m/n on input line 17.
LaTeX Font Info:    ... okay on input line 17.
LaTeX Font Info:    Checking defaults for OT1/cmr/m/n on input line 17.
LaTeX Font Info:    ... okay on input line 17.
LaTeX Font Info:    Checking defaults for OMS/cmsy/m/n on input line 17.
LaTeX Font Info:    ... okay on input line 17.
LaTeX Font Info:    Checking defaults for OMX/cmex/m/n on input line 17.
LaTeX Font Info:    ... okay on input line 17.
LaTeX Font Info:    Checking defaults for U/cmr/m/n on input line 17.
LaTeX Font Info:    ... okay on input line 17.

(c:/texlive/2017/texmf-dist/tex/context/base/mkii/supp-pdf.mkii
[Loading MPS to PDF converter (version 2006.09.02).]
\scratchcounter=\count110
\scratchdimen=\dimen124
\scratchbox=\box28
\nofMPsegments=\count111
\nofMParguments=\count112
\everyMPshowfont=\toks23
\MPscratchCnt=\count113
\MPscratchDim=\dimen125
\MPnumerator=\count114
\makeMPintoPDFobject=\count115
\everyMPtoPDFconversion=\toks24
) (c:/texlive/2017/texmf-dist/tex/latex/oberdiek/epstopdf-base.sty
Package: epstopdf-base 2016/05/15 v2.6 Base part for package epstopdf

(c:/texlive/2017/texmf-dist/tex/generic/oberdiek/infwarerr.sty
Package: infwarerr 2016/05/16 v1.4 Providing info/warning/error messages (HO)
)
(c:/texlive/2017/texmf-dist/tex/latex/oberdiek/grfext.sty
Package: grfext 2016/05/16 v1.2 Manage graphics extensions (HO)

(c:/texlive/2017/texmf-dist/tex/generic/oberdiek/kvdefinekeys.sty
Package: kvdefinekeys 2016/05/16 v1.4 Define keys (HO)

(c:/texlive/2017/texmf-dist/tex/generic/oberdiek/ltxcmds.sty
Package: ltxcmds 2016/05/16 v1.23 LaTeX kernel commands for general use (HO)
)))
(c:/texlive/2017/texmf-dist/tex/latex/oberdiek/kvoptions.sty
Package: kvoptions 2016/05/16 v3.12 Key value format for package options (HO)

(c:/texlive/2017/texmf-dist/tex/generic/oberdiek/kvsetkeys.sty
Package: kvsetkeys 2016/05/16 v1.17 Key value parser (HO)

(c:/texlive/2017/texmf-dist/tex/generic/oberdiek/etexcmds.sty
Package: etexcmds 2016/05/16 v1.6 Avoid name clashes with e-TeX commands (HO)

(c:/texlive/2017/texmf-dist/tex/generic/oberdiek/ifluatex.sty
Package: ifluatex 2016/05/16 v1.4 Provides the ifluatex switch (HO)
Package ifluatex Info: LuaTeX not detected.
)
Package etexcmds Info: Could not find \expanded.
(etexcmds)             That can mean that you are not using pdfTeX 1.50 or
(etexcmds)             that some package has redefined \expanded.
(etexcmds)             In the latter case, load this package earlier.
)))
(c:/texlive/2017/texmf-dist/tex/generic/oberdiek/pdftexcmds.sty
Package: pdftexcmds 2017/03/19 v0.25 Utility functions of pdfTeX for LuaTeX (HO
)
Package pdftexcmds Info: LuaTeX not detected.
Package pdftexcmds Info: \pdf@primitive is available.
Package pdftexcmds Info: \pdf@ifprimitive is available.
Package pdftexcmds Info: \pdfdraftmode found.
)
Package epstopdf-base Info: Redefining graphics rule for `.eps' on input line 4
38.
Package grfext Info: Graphics extension search list:
(grfext)             [.pdf,.png,.jpg,.mps,.jpeg,.jbig2,.jb2,.PDF,.PNG,.JPG,.JPE
G,.JBIG2,.JB2,.eps]
(grfext)             \AppendGraphicsExtensions on input line 456.

(c:/texlive/2017/texmf-dist/tex/latex/latexconfig/epstopdf-sys.cfg
File: epstopdf-sys.cfg 2010/07/13 v1.3 Configuration of (r)epstopdf for TeX Liv
e
))
*geometry* driver: auto-detecting
*geometry* detected driver: pdftex
*geometry* verbose mode - [ preamble ] result:
* driver: pdftex
* paper: <default>
* layout: <same size as paper>
* layoutoffset:(h,v)=(0.0pt,0.0pt)
* modes: 
* h-part:(L,W,R)=(71.1319pt, 455.24408pt, 71.1319pt)
* v-part:(T,H,B)=(53.49118pt, 711.3189pt, 80.23677pt)
* \paperwidth=597.50787pt
* \paperheight=845.04684pt
* \textwidth=455.24408pt
* \textheight=711.3189pt
* \oddsidemargin=-1.13809pt
* \evensidemargin=-1.13809pt
* \topmargin=-55.77881pt
* \headheight=12.0pt
* \headsep=25.0pt
* \topskip=11.0pt
* \footskip=30.0pt
* \marginparwidth=50.0pt
* \marginparsep=10.0pt
* \columnsep=10.0pt
* \skip\footins=10.0pt plus 4.0pt minus 2.0pt
* \hoffset=0.0pt
* \voffset=0.0pt
* \mag=1000
* \@twocolumnfalse
* \@twosidefalse
* \@mparswitchfalse
* \@reversemarginfalse
* (1in=72.27pt=25.4mm, 1cm=28.453pt)


LaTeX Font Warning: Font shape `OT1/cmr/bx/sc' undefined
(Font)              using `OT1/cmr/bx/n' instead on input line 22.

LaTeX Font Info:    Try loading font information for U+msa on input line 22.
(c:/texlive/2017/texmf-dist/tex/latex/amsfonts/umsa.fd
File: umsa.fd 2013/01/14 v3.01 AMS symbols A
)
LaTeX Font Info:    Try loading font information for U+msb on input line 22.

(c:/texlive/2017/texmf-dist/tex/latex/amsfonts/umsb.fd
File: umsb.fd 2013/01/14 v3.01 AMS symbols B
) [1

{c:/texlive/2017/texmf-var/fonts/map/pdftex/updmap/pdftex.map}]
<images/contrast-checker.png, id=11, 550.30594pt x 330.48468pt>
File: images/contrast-checker.png Graphic file (type png)
<use images/contrast-checker.png>
Package pdftex.def Info: images/contrast-checker.png  used on input line 55. on
 input line 55.
Package pdftex.def Info: Requested size: 284.27982pt x 170.71652pt on input lin
e 55.
 [2 <./images/contrast-checker.png>]
LaTeX Font Info:    Try loading font information for OMS+cmr on input line 74.

(c:/texlive/2017/texmf-dist/tex/latex/base/omscmr.fd
File: omscmr.fd 2014/09/29 v2.5h Standard LaTeX font definitions
)
LaTeX Font Info:    Font shape `OMS/cmr/m/n' in size <10.95> not available
(Font)              Font shape `OMS/cmsy/m/n' tried instead on input line 74.
 [3] [4] [5] (./report.bbl
LaTeX Font Info:    Try loading font information for OT1+pcr on input line 16.
(c:/texlive/2017/texmf-dist/tex/latex/psnfss/ot1pcr.fd
File: ot1pcr.fd 2001/06/04 font definitions for OT1/pcr.
)
Underfull \hbox (badness 1533) in paragraph at lines 9--17
[]\OT1/cmr/m/n/10.95 H. L. An-tonelli and R. P. de Mat-tos Fortes.  A sup-port 
for de-vel-op-ers im-ple-ment
 []


Underfull \hbox (badness 2680) in paragraph at lines 9--17
\OT1/cmr/m/n/10.95 the ac-ces-si-bil-ity guide-lines re-gard-ing to web menus. 
 In \OT1/cmr/m/it/10.95 Pro-ceed-ings of the 21st
 []


Underfull \hbox (badness 1024) in paragraph at lines 9--17
\OT1/cmr/m/it/10.95 Brazil-ian Sym-po-sium on Mul-ti-me-dia and the Web, Web-Me
-dia 2015, Man-aus, Brazil,
 []


Underfull \hbox (badness 2538) in paragraph at lines 9--17
\OT1/cmr/m/it/10.95 Oc-to-ber 27-30, 2015\OT1/cmr/m/n/10.95 , pages 33--40, 201
5.  doi: 10.1145/2820426.2820445.  URL
 []


Overfull \hbox (184.16743pt too wide) in paragraph at lines 19--23
[]\OT1/cmr/m/n/10.95 BBC.  Bbc ac-ces-si-bil-ity guide-lines, 2016.  URL \OT1/p
cr/m/n/10.95 http://www.bbc.co.uk/guidelines/futuremedia/accessibility/mobile\O
T1/cmr/m/n/10.95 . 
 []


Underfull \hbox (badness 10000) in paragraph at lines 25--28
[]\OT1/cmr/m/n/10.95 W. Con-sor-tium.  W3 ac-ces-si-bil-ity guide-lines, 2017. 
 URL
 []


Underfull \hbox (badness 10000) in paragraph at lines 30--34
[]\OT1/cmr/m/n/10.95 Facebook.  Re-act na-tive ac-ces-si-bil-ity doc-u-men-ta-t
ion, 2017.  URL
 []


Underfull \hbox (badness 10000) in paragraph at lines 45--50
[]\OT1/cmr/m/n/10.95 Statista.  Av-er-age sell-ing price for smart-phones world
-wide in
 []


Underfull \hbox (badness 10000) in paragraph at lines 45--50
\OT1/cmr/m/n/10.95 2013 and 2017 by re-gion (in u.s. dol-lars), 2017.  URL
 []


Overfull \hbox (110.62695pt too wide) in paragraph at lines 45--50
\OT1/pcr/m/n/10.95 https://www.statista.com/statistics/283334/global-average-se
lling-price-smartphones/\OT1/cmr/m/n/10.95 . 
 []


Overfull \hbox (56.41748pt too wide) in paragraph at lines 52--55
[]\OT1/cmr/m/n/10.95 WebAIM.  Color con-trast checker, 2017.  URL \OT1/pcr/m/n/
10.95 https://webaim.org/resources/contrastchecker/\OT1/cmr/m/n/10.95 . 
 []

) [6]
<images/lo-fi-1.jpg, id=31, 4047.12pt x 3035.34pt>
File: images/lo-fi-1.jpg Graphic file (type jpg)
<use images/lo-fi-1.jpg>
Package pdftex.def Info: images/lo-fi-1.jpg  used on input line 153. on input l
ine 153.
Package pdftex.def Info: Requested size: 379.35481pt x 284.52756pt on input lin
e 153.
<images/lo-fi-2.jpg, id=32, 4047.12pt x 3035.34pt>
File: images/lo-fi-2.jpg Graphic file (type jpg)
<use images/lo-fi-2.jpg>
Package pdftex.def Info: images/lo-fi-2.jpg  used on input line 158. on input l
ine 158.
Package pdftex.def Info: Requested size: 379.35481pt x 284.52756pt on input lin
e 158.


LaTeX Warning: `!h' float specifier changed to `!ht'.

[7

 <./images/lo-fi-1.jpg>] [8 <./images/lo-fi-2.jpg>]
<images/android-landing.png, id=40, 1084.05pt x 1927.2pt>
File: images/android-landing.png Graphic file (type png)
<use images/android-landing.png>
Package pdftex.def Info: images/android-landing.png  used on input line 165. on
 input line 165.
Package pdftex.def Info: Requested size: 160.03659pt x 284.52756pt on input lin
e 165.
<images/android-bus-1.png, id=41, 1084.05pt x 1927.2pt>
File: images/android-bus-1.png Graphic file (type png)
<use images/android-bus-1.png>
Package pdftex.def Info: images/android-bus-1.png  used on input line 170. on i
nput line 170.
Package pdftex.def Info: Requested size: 160.03659pt x 284.52756pt on input lin
e 170.


LaTeX Warning: `h' float specifier changed to `ht'.

<images/android-bus-2.png, id=42, 1084.05pt x 1927.2pt>
File: images/android-bus-2.png Graphic file (type png)
<use images/android-bus-2.png>
Package pdftex.def Info: images/android-bus-2.png  used on input line 175. on i
nput line 175.
Package pdftex.def Info: Requested size: 160.03659pt x 284.52756pt on input lin
e 175.

LaTeX Warning: `h' float specifier changed to `ht'.

<images/android-train-1.png, id=43, 1084.05pt x 1927.2pt>
File: images/android-train-1.png Graphic file (type png)
<use images/android-train-1.png>
Package pdftex.def Info: images/android-train-1.png  used on input line 180. on
 input line 180.
Package pdftex.def Info: Requested size: 160.03659pt x 284.52756pt on input lin
e 180.

LaTeX Warning: `h' float specifier changed to `ht'.

<images/android-train-2.png, id=44, 1084.05pt x 1927.2pt>
File: images/android-train-2.png Graphic file (type png)
<use images/android-train-2.png>
Package pdftex.def Info: images/android-train-2.png  used on input line 185. on
 input line 185.
Package pdftex.def Info: Requested size: 160.03659pt x 284.52756pt on input lin
e 185.

LaTeX Warning: `h' float specifier changed to `ht'.

<images/android-time.png, id=45, 1084.05pt x 1927.2pt>
File: images/android-time.png Graphic file (type png)
<use images/android-time.png>
Package pdftex.def Info: images/android-time.png  used on input line 190. on in
put line 190.
Package pdftex.def Info: Requested size: 160.03659pt x 284.52756pt on input lin
e 190.
<images/android-date.png, id=46, 1084.05pt x 1927.2pt>
File: images/android-date.png Graphic file (type png)
<use images/android-date.png>
Package pdftex.def Info: images/android-date.png  used on input line 195. on in
put line 195.
Package pdftex.def Info: Requested size: 160.03659pt x 284.52756pt on input lin
e 195.
<images/android-taxi.png, id=47, 1084.05pt x 1927.2pt>
File: images/android-taxi.png Graphic file (type png)
<use images/android-taxi.png>
Package pdftex.def Info: images/android-taxi.png  used on input line 200. on in
put line 200.
Package pdftex.def Info: Requested size: 160.03659pt x 284.52756pt on input lin
e 200.

LaTeX Warning: `h' float specifier changed to `ht'.

<images/codeship.png, id=48, 2820.5375pt x 1220.56pt>
File: images/codeship.png Graphic file (type png)
<use images/codeship.png>
Package pdftex.def Info: images/codeship.png  used on input line 205. on input 
line 205.
Package pdftex.def Info: Requested size: 394.48521pt x 170.71652pt on input lin
e 205.

LaTeX Warning: `h' float specifier changed to `ht'.

<images/ios-landing.jpg, id=49, 1246.6575pt x 2216.28pt>
File: images/ios-landing.jpg Graphic file (type jpg)
<use images/ios-landing.jpg>
Package pdftex.def Info: images/ios-landing.jpg  used on input line 210. on inp
ut line 210.
Package pdftex.def Info: Requested size: 160.03577pt x 284.52756pt on input lin
e 210.

LaTeX Warning: `h' float specifier changed to `ht'.

<images/ios-bus-1.jpg, id=50, 1246.6575pt x 2216.28pt>
File: images/ios-bus-1.jpg Graphic file (type jpg)
<use images/ios-bus-1.jpg>
Package pdftex.def Info: images/ios-bus-1.jpg  used on input line 215. on input
 line 215.
Package pdftex.def Info: Requested size: 160.03577pt x 284.52756pt on input lin
e 215.

LaTeX Warning: `h' float specifier changed to `ht'.

<images/ios-bus-2.jpg, id=51, 1246.6575pt x 2216.28pt>
File: images/ios-bus-2.jpg Graphic file (type jpg)
<use images/ios-bus-2.jpg>
Package pdftex.def Info: images/ios-bus-2.jpg  used on input line 220. on input
 line 220.
Package pdftex.def Info: Requested size: 160.03577pt x 284.52756pt on input lin
e 220.

LaTeX Warning: `h' float specifier changed to `ht'.

<images/ios-train-1.jpg, id=52, 1246.6575pt x 2216.28pt>
File: images/ios-train-1.jpg Graphic file (type jpg)
<use images/ios-train-1.jpg>
Package pdftex.def Info: images/ios-train-1.jpg  used on input line 225. on inp
ut line 225.
Package pdftex.def Info: Requested size: 160.03577pt x 284.52756pt on input lin
e 225.

LaTeX Warning: `h' float specifier changed to `ht'.

<images/ios-train-2.jpg, id=53, 1246.6575pt x 2216.28pt>
File: images/ios-train-2.jpg Graphic file (type jpg)
<use images/ios-train-2.jpg>
Package pdftex.def Info: images/ios-train-2.jpg  used on input line 230. on inp
ut line 230.
Package pdftex.def Info: Requested size: 160.03577pt x 284.52756pt on input lin
e 230.

LaTeX Warning: `h' float specifier changed to `ht'.

<images/ios-time.jpg, id=54, 1246.6575pt x 2216.28pt>
File: images/ios-time.jpg Graphic file (type jpg)
<use images/ios-time.jpg>
Package pdftex.def Info: images/ios-time.jpg  used on input line 235. on input 
line 235.
Package pdftex.def Info: Requested size: 160.03577pt x 284.52756pt on input lin
e 235.
<images/ios-date.jpg, id=55, 1246.6575pt x 2216.28pt>
File: images/ios-date.jpg Graphic file (type jpg)
<use images/ios-date.jpg>
Package pdftex.def Info: images/ios-date.jpg  used on input line 240. on input 
line 240.
Package pdftex.def Info: Requested size: 160.03577pt x 284.52756pt on input lin
e 240.
<images/ios-taxi.jpg, id=56, 1246.6575pt x 2216.28pt>
File: images/ios-taxi.jpg Graphic file (type jpg)
<use images/ios-taxi.jpg>
Package pdftex.def Info: images/ios-taxi.jpg  used on input line 245. on input 
line 245.
Package pdftex.def Info: Requested size: 160.03577pt x 284.52756pt on input lin
e 245.

LaTeX Warning: `h' float specifier changed to `ht'.

[9

 <./images/android-landing.png (PNG copy)>] [10 <./images/android-bus-1.png (PN
G copy)> <./images/android-bus-2.png (PNG copy)>] [11 <./images/android-train-1
.png (PNG copy)> <./images/android-train-2.png (PNG copy)>] [12 <./images/andro
id-time.png (PNG copy)> <./images/android-date.png (PNG copy)>] [13 <./images/a
ndroid-taxi.png (PNG copy)> <./images/codeship.png>] [14 <./images/ios-landing.
jpg> <./images/ios-bus-1.jpg>] [15 <./images/ios-bus-2.jpg> <./images/ios-train
-1.jpg>] [16 <./images/ios-train-2.jpg> <./images/ios-time.jpg>] [17 <./images/
ios-date.jpg> <./images/ios-taxi.jpg>]
<images/object-orientated.png, id=86, 353.32pt x 281.05pt>
File: images/object-orientated.png Graphic file (type png)
<use images/object-orientated.png>
Package pdftex.def Info: images/object-orientated.png  used on input line 252. 
on input line 252.
Package pdftex.def Info: Requested size: 357.71298pt x 284.52756pt on input lin
e 252.
 [18

 <./images/object-orientated.png>]
(./report.aux)

LaTeX Font Warning: Some font shapes were not available, defaults substituted.

 ) 
Here is how much of TeX's memory you used:
 4417 strings out of 492990
 60582 string characters out of 6136334
 139285 words of memory out of 5000000
 7869 multiletter control sequences out of 15000+600000
 12439 words of font info for 46 fonts, out of 8000000 for 9000
 1141 hyphenation exceptions out of 8191
 41i,10n,43p,1054b,239s stack positions out of 5000i,500n,10000p,200000b,80000s
{c:/texlive/2017/texmf-dist/fonts/enc/dvips/base/8r.enc}<c:/texlive/2017/texm
f-dist/fonts/type1/public/amsfonts/cm/cmbx10.pfb><c:/texlive/2017/texmf-dist/fo
nts/type1/public/amsfonts/cm/cmbx12.pfb><c:/texlive/2017/texmf-dist/fonts/type1
/public/amsfonts/cm/cmcsc10.pfb><c:/texlive/2017/texmf-dist/fonts/type1/public/
amsfonts/cm/cmr10.pfb><c:/texlive/2017/texmf-dist/fonts/type1/public/amsfonts/c
m/cmsy10.pfb><c:/texlive/2017/texmf-dist/fonts/type1/public/amsfonts/cm/cmti10.
pfb><c:/texlive/2017/texmf-dist/fonts/type1/urw/courier/ucrr8a.pfb>
Output written on report.pdf (18 pages, 5435981 bytes).
PDF statistics:
 116 PDF objects out of 1000 (max. 8388607)
 64 compressed objects within 1 object stream
 0 named destinations out of 1000 (max. 500000)
 106 words of extra memory for PDF output out of 10000 (max. 10000000)

